22:49:13.655 INFO  main.runsample -    
22:49:13.657 INFO  main.runsample - data0/uniform_10w.txt
22:49:13.657 INFO  main.runsample - *********new query now*********
22:49:13.657 INFO  main.runsample - 1 2000 2000 485000 485000 4000 4000 0.00001 0.000001 4000 4000
22:49:14.720 ERROR main.runsample - **********
22:49:14.721 ERROR main.runsample - I=4.200353298638714
22:49:14.721 ERROR main.runsample - range= length:2132.6935999999987width:2132.6935999999987
22:49:14.721 ERROR main.runsample - position= 478217.798,609942.5286999999
22:49:14.721 ERROR main.runsample - **********
22:49:14.721 ERROR main.runsample - middle-Second: 0.06
22:49:14.722 ERROR main.runsample - Minutes: 0.017716667
22:49:14.722 ERROR main.runsample - Second: 1.063
22:49:14.722 ERROR main.runsample - cross-point 479284.1448 611008.8755
22:49:24.775 INFO  main.runsample -    
22:49:24.776 INFO  main.runsample - data0/uniform_50w.txt
22:49:24.777 INFO  main.runsample - *********new query now*********
22:49:24.777 INFO  main.runsample - 1 2000 2000 485000 485000 4000 4000 0.00001 0.000001 4000 4000
22:49:30.240 ERROR main.runsample - **********
22:49:30.240 ERROR main.runsample - I=14.251455363844752
22:49:30.240 ERROR main.runsample - range= length:3259.3610000000335width:3259.3610000000335
22:49:30.241 ERROR main.runsample - position= 501587.0944,596281.6465
22:49:30.241 ERROR main.runsample - **********
22:49:30.241 ERROR main.runsample - middle-Second: 0.035
22:49:30.241 ERROR main.runsample - Minutes: 0.09105
22:49:30.241 ERROR main.runsample - Second: 5.463
22:49:30.241 ERROR main.runsample - cross-point 503216.7749 597911.327
22:51:07.879 INFO  main.runsample -    
22:51:07.880 INFO  main.runsample - data0/Gaussian_10w.txt
22:51:07.880 INFO  main.runsample - *********new query now*********
22:51:07.880 INFO  main.runsample - 1 2000 2000 485000 485000 4000 4000 0.00001 0.000001 4000 4000
22:51:09.885 ERROR main.runsample - **********
22:51:09.886 ERROR main.runsample - I=34.79535513507356
22:51:09.886 ERROR main.runsample - range= length:4000.0width:4000.0
22:51:09.886 ERROR main.runsample - position= 505463.0307,485244.0942
22:51:09.886 ERROR main.runsample - **********
22:51:09.886 ERROR main.runsample - middle-Second: 0.032
22:51:09.886 ERROR main.runsample - Minutes: 0.0334
22:51:09.886 ERROR main.runsample - Second: 2.004
22:51:09.886 ERROR main.runsample - cross-point 507463.0307 487244.0942
22:51:17.977 INFO  main.runsample -    
22:51:17.978 INFO  main.runsample - data0/Gaussian_50w.txt
22:51:17.979 INFO  main.runsample - *********new query now*********
22:51:17.979 INFO  main.runsample - 1 2000 2000 485000 485000 4000 4000 0.00001 0.000001 4000 4000
22:52:28.464 ERROR main.runsample - **********
22:52:28.465 ERROR main.runsample - I=168.620195077345
22:52:28.465 ERROR main.runsample - range= length:4000.0width:4000.0
22:52:28.465 ERROR main.runsample - position= 502318.5462,518802.156
22:52:28.465 ERROR main.runsample - **********
22:52:28.465 ERROR main.runsample - middle-Second: 0.033
22:52:28.466 ERROR main.runsample - Minutes: 1.17475
22:52:28.466 ERROR main.runsample - Second: 70.485
22:52:28.466 ERROR main.runsample - cross-point 504318.5462 520802.156
20:21:29.693 INFO  main.runsample -    
20:21:29.708 INFO  main.runsample - data0/Gaussian_50w.txt
20:21:29.708 INFO  main.runsample - *********new query now*********
20:21:29.708 INFO  main.runsample - 1 2000 2000 485000 485000 4000 4000 0.00001 0.000001 500000 500000
21:30:48.520 ERROR main.runsample - **********
21:30:48.520 ERROR main.runsample - I=168.620195077345
21:30:48.520 ERROR main.runsample - range= length:4000.0width:4000.0
21:30:48.520 ERROR main.runsample - position= 502318.5462,518802.156
21:30:48.520 ERROR main.runsample - **********
21:30:48.520 ERROR main.runsample - middle-Second: 0.079
21:30:48.520 ERROR main.runsample - Minutes: 69.31353
21:30:48.520 ERROR main.runsample - Second: 4158.812
21:30:48.520 ERROR main.runsample - cross-point 504318.5462 520802.156
22:03:05.887 INFO  main.runsample -    
22:03:05.887 INFO  main.runsample - data0/Gaussian_50w.txt
22:03:05.887 INFO  main.runsample - *********new query now*********
22:03:05.887 INFO  main.runsample - 1 2000 2000 485000 485000 4000 4000 0.00001 0.000001 550000 550000
23:15:37.392 ERROR main.runsample - **********
23:15:37.392 ERROR main.runsample - I=168.620195077345
23:15:37.392 ERROR main.runsample - range= length:4000.0width:4000.0
23:15:37.392 ERROR main.runsample - position= 502318.5462,518802.156
23:15:37.392 ERROR main.runsample - **********
23:15:37.392 ERROR main.runsample - middle-Second: 0.0
23:15:37.392 ERROR main.runsample - Minutes: 72.52508
23:15:37.392 ERROR main.runsample - Second: 4351.505
23:15:37.392 ERROR main.runsample - cross-point 504318.5462 520802.156
18:10:10.052 INFO  main.runsample -    
18:10:10.052 INFO  main.runsample - data0/Gaussian_50w.txt
18:10:10.052 INFO  main.runsample - *********new query now*********
18:10:10.052 INFO  main.runsample - 1 2000 2000 485000 485000 4000 4000 0.00001 0.000001 550000 550000
19:22:17.937 ERROR main.runsample - **********
19:22:17.937 ERROR main.runsample - I=168.620195077345
19:22:17.937 ERROR main.runsample - range= length:4000.0width:4000.0
19:22:17.937 ERROR main.runsample - position= 502318.5462,518802.156
19:22:17.937 ERROR main.runsample - **********
19:22:17.937 ERROR main.runsample - middle-Second: 0.0
19:22:17.937 ERROR main.runsample - Minutes: 72.13142
19:22:17.937 ERROR main.runsample - Second: 4327.885
19:22:17.937 ERROR main.runsample - cross-point 504318.5462 520802.156
12:10:34.538 INFO  main.runsample -    
12:10:34.548 INFO  main.runsample - data0/Gaussian_10w.txt
12:10:34.548 INFO  main.runsample - *********new query now*********
12:10:34.548 INFO  main.runsample - 1 2000 2000 485000 485000 4000 4000 0.00001 0.000001 550000 550000
12:11:49.053 INFO  main.runsample -    
12:11:49.055 INFO  main.runsample - data0/Gaussian_10w.txt
12:11:49.055 INFO  main.runsample - *********new query now*********
12:11:49.056 INFO  main.runsample - 1 2000 2000 485000 485000 4000 4000 0.00001 0.000001 4000 4000
12:11:51.091 ERROR main.runsample - **********
12:11:51.091 ERROR main.runsample - I=34.79535513507356
12:11:51.091 ERROR main.runsample - range= length:4000.0width:4000.0
12:11:51.092 ERROR main.runsample - position= 505463.0307,485244.0942
12:11:51.092 ERROR main.runsample - **********
12:11:51.092 ERROR main.runsample - middle-Second: 0.035
12:11:51.092 ERROR main.runsample - Minutes: 0.033916667
12:11:51.092 ERROR main.runsample - Second: 2.035
12:11:51.093 ERROR main.runsample - cross-point 507463.0307 487244.0942
21:30:11.758 INFO  main.runsample -    
21:30:11.768 INFO  main.runsample - data0/Gaussian_10w.txt
21:30:11.769 INFO  main.runsample - *********new query now*********
21:30:11.769 INFO  main.runsample - 1 2000 2000 485000 485000 4000 4000 0.00001 0.000001 4000 4000
21:31:43.542 INFO  main.runsample -    
21:31:43.543 INFO  main.runsample - data0/Gaussian_10w.txt
21:31:43.543 INFO  main.runsample - *********new query now*********
21:31:43.543 INFO  main.runsample - 1 2000 2000 485000 485000 4000 4000 0.00001 0.000001 4000 4000
21:31:45.567 ERROR main.runsample - **********
21:31:45.567 ERROR main.runsample - I=34.79535513507356
21:31:45.567 ERROR main.runsample - range= length:4000.0width:4000.0
21:31:45.568 ERROR main.runsample - position= 505463.0307,485244.0942
21:31:45.568 ERROR main.runsample - **********
21:31:45.568 ERROR main.runsample - middle-Second: 0.037
21:31:45.568 ERROR main.runsample - Minutes: 0.033716667
21:31:45.569 ERROR main.runsample - Second: 2.023
21:31:45.569 ERROR main.runsample - cross-point 507463.0307 487244.0942
19:59:25.574 INFO  main.runsample -    
19:59:25.584 INFO  main.runsample - data0/Gaussian_10w.txt
19:59:25.584 INFO  main.runsample - *********new query now*********
19:59:25.584 INFO  main.runsample - 1 2000 2000 485000 485000 4000 4000 0.00001 0.000001 4000 4000
19:59:27.708 ERROR main.runsample - **********
19:59:27.708 ERROR main.runsample - I=35.37035073116529
19:59:27.708 ERROR main.runsample - range= length:2276.336099999957width:2276.336099999957
19:59:27.708 ERROR main.runsample - position= 461263.35215,447011.80565
19:59:27.708 ERROR main.runsample - **********
19:59:27.709 ERROR main.runsample - middle-Second: 0.069
19:59:27.709 ERROR main.runsample - Minutes: 0.035383333
19:59:27.709 ERROR main.runsample - Second: 2.123
19:59:27.709 ERROR main.runsample - cross-point 460125.1841 460125.1841
20:18:41.754 INFO  main.runsample -    
20:18:41.755 INFO  main.runsample - data0/Gaussian_10w.txt
20:18:41.755 INFO  main.runsample - *********new query now*********
20:18:41.756 INFO  main.runsample - 1 2000 2000 485000 485000 4000 4000 0.00001 0.000001 4000 4000
20:18:43.616 ERROR main.runsample - **********
20:18:43.616 ERROR main.runsample - I=35.37035073116529
20:18:43.616 ERROR main.runsample - range= length:2276.336099999957width:2276.336099999957
20:18:43.616 ERROR main.runsample - position= 461263.35215,447011.80565
20:18:43.616 ERROR main.runsample - **********
20:18:43.617 ERROR main.runsample - middle-Second: 0.034
20:18:43.617 ERROR main.runsample - Minutes: 0.031
20:18:43.617 ERROR main.runsample - Second: 1.86
20:18:43.617 ERROR main.runsample - cross-point 460125.1841 445873.6376
20:18:58.745 INFO  main.runsample -    
20:18:58.747 INFO  main.runsample - data0/Gaussian_10w.txt
20:18:58.747 INFO  main.runsample - *********new query now*********
20:18:58.747 INFO  main.runsample - 1 2000 2000 485000 485000 4000 4000 0.00001 0.000001 4000 4000
20:19:00.753 ERROR main.runsample - **********
20:19:00.753 ERROR main.runsample - I=35.37035073116529
20:19:00.753 ERROR main.runsample - range= length:2276.336099999957width:2276.336099999957
20:19:00.753 ERROR main.runsample - position= 461263.35215,447011.80565
20:19:00.753 ERROR main.runsample - **********
20:19:00.753 ERROR main.runsample - middle-Second: 0.035
20:19:00.754 ERROR main.runsample - Minutes: 0.0334
20:19:00.755 ERROR main.runsample - Second: 2.004
20:19:00.755 ERROR main.runsample - cross-point 460125.1841 445873.6376
20:19:53.349 INFO  main.runsample -    
20:19:53.350 INFO  main.runsample - data0/Gaussian_10w.txt
20:19:53.351 INFO  main.runsample - *********new query now*********
20:19:53.351 INFO  main.runsample - 1 2000 2000 485000 485000 4000 4000 0.00001 0.000001 4000 4000
20:40:02.152 INFO  main.runsample -    
20:40:02.154 INFO  main.runsample - data0/Gaussian_10w.txt
20:40:02.155 INFO  main.runsample - *********new query now*********
20:40:02.155 INFO  main.runsample - 1 2000 2000 485000 485000 4000 4000 0.00001 0.000001 4000 4000
20:40:04.106 ERROR main.runsample - **********
20:40:04.106 ERROR main.runsample - I=41.5808774764592
20:40:04.107 ERROR main.runsample - range= length:2051.9594000000507width:2051.9594000000507
20:40:04.107 ERROR main.runsample - position= 505835.6606,485976.1514
20:40:04.107 ERROR main.runsample - **********
20:40:04.107 ERROR main.runsample - middle-Second: 0.055
20:40:04.107 ERROR main.runsample - Minutes: 0.032500003
20:40:04.107 ERROR main.runsample - Second: 1.95
20:40:04.107 ERROR main.runsample - cross-point 506861.6403 483002.1311
20:41:29.215 INFO  main.runsample -    
20:41:29.216 INFO  main.runsample - data0/Gaussian_10w.txt
20:41:29.216 INFO  main.runsample - *********new query now*********
20:41:29.216 INFO  main.runsample - 1 2000 2000 485000 485000 4000 4000 0.00001 0.000001 4000 4000
20:41:30.937 ERROR main.runsample - **********
20:41:30.938 ERROR main.runsample - I=41.5808774764592
20:41:30.938 ERROR main.runsample - range= length:2051.9594000000507width:2051.9594000000507
20:41:30.938 ERROR main.runsample - position= 505835.6606,485976.1514
20:41:30.938 ERROR main.runsample - **********
20:41:30.938 ERROR main.runsample - middle-Second: 0.035
20:41:30.938 ERROR main.runsample - Minutes: 0.028683333
20:41:30.938 ERROR main.runsample - Second: 1.721
20:41:30.938 ERROR main.runsample - cross-point 506861.6403 483002.1311
20:42:07.544 INFO  main.runsample -    
20:42:07.545 INFO  main.runsample - data0/Gaussian_10w.txt
20:42:07.546 INFO  main.runsample - *********new query now*********
20:42:07.546 INFO  main.runsample - 1 2000 2000 485000 485000 4000 4000 0.00001 0.000001 4000 4000
20:42:09.413 ERROR main.runsample - **********
20:42:09.414 ERROR main.runsample - I=41.5808774764592
20:42:09.414 ERROR main.runsample - range= length:2051.9594000000507width:2051.9594000000507
20:42:09.414 ERROR main.runsample - position= 505835.6606,485976.1514
20:42:09.414 ERROR main.runsample - **********
20:42:09.414 ERROR main.runsample - middle-Second: 0.034
20:42:09.415 ERROR main.runsample - Minutes: 0.031116666
20:42:09.415 ERROR main.runsample - Second: 1.867
20:42:09.415 ERROR main.runsample - cross-point 506861.6403 483002.1311
20:43:00.851 INFO  main.runsample -    
20:43:00.852 INFO  main.runsample - data0/Gaussian_10w.txt
20:43:00.852 INFO  main.runsample - *********new query now*********
20:43:00.852 INFO  main.runsample - 1 2000 2000 485000 485000 4000 4000 0.00001 0.000001 4000 4000
20:43:02.536 ERROR main.runsample - **********
20:43:02.537 ERROR main.runsample - I=41.5808774764592
20:43:02.537 ERROR main.runsample - range= length:2051.9594000000507width:2051.9594000000507
20:43:02.537 ERROR main.runsample - position= 505835.6606,485976.1514
20:43:02.537 ERROR main.runsample - **********
20:43:02.537 ERROR main.runsample - middle-Second: 0.034
20:43:02.537 ERROR main.runsample - Minutes: 0.02805
20:43:02.537 ERROR main.runsample - Second: 1.683
20:43:02.538 ERROR main.runsample - cross-point 506861.6403 483002.1311
20:48:52.212 INFO  main.runsample -    
20:48:52.213 INFO  main.runsample - data0/Gaussian_10w.txt
20:48:52.213 INFO  main.runsample - *********new query now*********
20:48:52.213 INFO  main.runsample - 1 2000 2000 485000 485000 4000 4000 0.00001 0.000001 4000 4000
20:48:53.899 ERROR main.runsample - **********
20:48:53.899 ERROR main.runsample - I=34.79535513507356
20:48:53.899 ERROR main.runsample - range= length:4000.0width:4000.0
20:48:53.900 ERROR main.runsample - position= 505463.0307,485244.0942
20:48:53.900 ERROR main.runsample - **********
20:48:53.900 ERROR main.runsample - middle-Second: 0.032
20:48:53.900 ERROR main.runsample - Minutes: 0.028083332
20:48:53.900 ERROR main.runsample - Second: 1.685
20:48:53.900 ERROR main.runsample - cross-point 507463.0307 487244.0942
20:51:32.012 INFO  main.runsample -    
20:51:32.013 INFO  main.runsample - data0/Gaussian_10w.txt
20:51:32.013 INFO  main.runsample - *********new query now*********
20:51:32.014 INFO  main.runsample - 1 2000 2000 485000 485000 4000 4000 0.00001 0.000001 4000 4000
20:51:58.704 INFO  main.runsample -    
20:51:58.705 INFO  main.runsample - data0/Gaussian_10w.txt
20:51:58.706 INFO  main.runsample - *********new query now*********
20:51:58.706 INFO  main.runsample - 1 2000 2000 485000 485000 4000 4000 0.00001 0.000001 4000 4000
20:52:00.621 ERROR main.runsample - **********
20:52:00.622 ERROR main.runsample - I=34.79535513507356
20:52:00.622 ERROR main.runsample - range= length:4000.0width:4000.0
20:52:00.622 ERROR main.runsample - position= 505463.0307,485244.0942
20:52:00.622 ERROR main.runsample - **********
20:52:00.623 ERROR main.runsample - middle-Second: 0.037
20:52:00.623 ERROR main.runsample - Minutes: 0.031916667
20:52:00.623 ERROR main.runsample - Second: 1.915
20:52:00.623 ERROR main.runsample - cross-point 507463.0307 487244.0942
20:54:17.615 INFO  main.runsample -    
20:54:17.616 INFO  main.runsample - data0/Gaussian_10w.txt
20:54:17.616 INFO  main.runsample - *********new query now*********
20:54:17.616 INFO  main.runsample - 1 2000 2000 485000 485000 4000 4000 0.00001 0.000001 4000 4000
20:54:19.628 ERROR main.runsample - **********
20:54:19.628 ERROR main.runsample - I=34.79535513507356
20:54:19.628 ERROR main.runsample - range= length:4000.0width:4000.0
20:54:19.629 ERROR main.runsample - position= 505463.0307,485244.0942
20:54:19.629 ERROR main.runsample - **********
20:54:19.629 ERROR main.runsample - middle-Second: 0.034
20:54:19.629 ERROR main.runsample - Minutes: 0.033516664
20:54:19.629 ERROR main.runsample - Second: 2.011
20:54:19.629 ERROR main.runsample - cross-point 507463.0307 487244.0942
20:56:52.094 INFO  main.runsample -    
20:56:52.095 INFO  main.runsample - data0/Gaussian_10w.txt
20:56:52.096 INFO  main.runsample - *********new query now*********
20:56:52.096 INFO  main.runsample - 1 2000 2000 485000 485000 4000 4000 0.00001 0.000001 4000 4000
20:56:53.948 ERROR main.runsample - **********
20:56:53.948 ERROR main.runsample - I=41.5808774764592
20:56:53.948 ERROR main.runsample - range= length:2051.9594000000507width:2051.9594000000507
20:56:53.949 ERROR main.runsample - position= 505835.6606,485976.1514
20:56:53.950 ERROR main.runsample - **********
20:56:53.950 ERROR main.runsample - middle-Second: 0.033
20:56:53.950 ERROR main.runsample - Minutes: 0.030866666
20:56:53.950 ERROR main.runsample - Second: 1.852
20:56:53.950 ERROR main.runsample - cross-point 506861.6403 483002.1311
21:00:06.411 INFO  main.runsample -    
21:00:06.413 INFO  main.runsample - data0/Gaussian_10w.txt
21:00:06.413 INFO  main.runsample - *********new query now*********
21:00:06.413 INFO  main.runsample - 1 2000 2000 485000 485000 4000 4000 0.00001 0.000001 4000 4000
21:00:08.052 ERROR main.runsample - **********
21:00:08.052 ERROR main.runsample - I=41.5808774764592
21:00:08.053 ERROR main.runsample - range= length:2051.9594000000507width:2051.9594000000507
21:00:08.053 ERROR main.runsample - position= 505835.6606,485976.1514
21:00:08.053 ERROR main.runsample - **********
21:00:08.053 ERROR main.runsample - middle-Second: 0.036
21:00:08.053 ERROR main.runsample - Minutes: 0.027316667
21:00:08.053 ERROR main.runsample - Second: 1.639
21:00:08.053 ERROR main.runsample - cross-point 506861.6403 483002.1311
21:00:59.973 INFO  main.runsample -    
21:00:59.974 INFO  main.runsample - data0/Gaussian_10w.txt
21:00:59.974 INFO  main.runsample - *********new query now*********
21:00:59.974 INFO  main.runsample - 1 2000 2000 485000 485000 4000 4000 0.00001 0.000001 4000 4000
21:27:28.924 INFO  main.runsample -    
21:27:28.925 INFO  main.runsample - data0/Gaussian_10w.txt
21:27:28.925 INFO  main.runsample - *********new query now*********
21:27:28.926 INFO  main.runsample - 1 2000 2000 485000 485000 4000 4000 0.00001 0.000001 4000 4000
21:27:30.953 ERROR main.runsample - **********
21:27:30.954 ERROR main.runsample - I=42.232671960349656
21:27:30.954 ERROR main.runsample - range= length:2357.642899999977width:2357.642899999977
21:27:30.954 ERROR main.runsample - position= 505857.61365,486065.27275
21:27:30.954 ERROR main.runsample - **********
21:27:30.955 ERROR main.runsample - middle-Second: 0.043
21:27:30.956 ERROR main.runsample - Minutes: 0.03378333
21:27:30.956 ERROR main.runsample - Second: 2.027
21:27:30.956 ERROR main.runsample - cross-point 507036.4351 487244.0942
21:35:07.206 INFO  main.runsample -    
21:35:07.207 INFO  main.runsample - data0/Gaussian_10w.txt
21:35:07.207 INFO  main.runsample - *********new query now*********
21:35:07.207 INFO  main.runsample - 1 2000 2000 485000 485000 4000 4000 0.00001 0.000001 4000 4000
21:35:09.447 ERROR main.runsample - **********
21:35:09.447 ERROR main.runsample - I=34.93941598962373
21:35:09.448 ERROR main.runsample - range= length:3981.940200000012width:3981.940200000012
21:35:09.448 ERROR main.runsample - position= 505472.06059999997,485253.1241
21:35:09.448 ERROR main.runsample - **********
21:35:09.448 ERROR main.runsample - middle-Second: 0.041
21:35:09.449 ERROR main.runsample - Minutes: 0.03731667
21:35:09.449 ERROR main.runsample - Second: 2.239
21:35:09.449 ERROR main.runsample - cross-point 507463.0307 487244.0942
21:45:54.077 INFO  main.runsample -    
21:45:54.079 INFO  main.runsample - data0/Gaussian_10w.txt
21:45:54.079 INFO  main.runsample - *********new query now*********
21:45:54.079 INFO  main.runsample - 1 2000 2000 485000 485000 4000 4000 0.00001 0.000001 4000 4000
21:45:56.355 ERROR main.runsample - **********
21:45:56.356 ERROR main.runsample - I=34.93941598962373
21:45:56.356 ERROR main.runsample - range= length:3981.940200000012width:3981.940200000012
21:45:56.357 ERROR main.runsample - position= 505472.06059999997,485253.1241
21:45:56.357 ERROR main.runsample - **********
21:45:56.357 ERROR main.runsample - middle-Second: 0.035
21:45:56.357 ERROR main.runsample - Minutes: 0.037916668
21:45:56.357 ERROR main.runsample - Second: 2.275
21:45:56.358 ERROR main.runsample - cross-point 507463.0307 487244.0942
22:08:04.425 INFO  main.runsample -    
22:08:04.426 INFO  main.runsample - data0/Gaussian_10w.txt
22:08:04.427 INFO  main.runsample - *********new query now*********
22:08:04.427 INFO  main.runsample - 1 2000 2000 485000 485000 4000 4000 0.00001 0.000001 4000 4000
22:08:06.463 ERROR main.runsample - **********
22:08:06.463 ERROR main.runsample - I=34.93941598962373
22:08:06.464 ERROR main.runsample - range= length:3981.940200000012width:3981.940200000012
22:08:06.464 ERROR main.runsample - position= 505472.06059999997,485253.1241
22:08:06.464 ERROR main.runsample - **********
22:08:06.464 ERROR main.runsample - middle-Second: 0.035
22:08:06.464 ERROR main.runsample - Minutes: 0.033933334
22:08:06.464 ERROR main.runsample - Second: 2.036
22:08:06.464 ERROR main.runsample - cross-point 507463.0307 487244.0942
22:08:31.919 INFO  main.runsample -    
22:08:31.920 INFO  main.runsample - data0/Gaussian_10w.txt
22:08:31.920 INFO  main.runsample - *********new query now*********
22:08:31.920 INFO  main.runsample - 1 2000 2000 480000 480000 4000 4000 0.00001 0.000001 4000 4000
22:08:33.809 ERROR main.runsample - **********
22:08:33.810 ERROR main.runsample - I=34.88407125930935
22:08:33.810 ERROR main.runsample - range= length:3981.940200000012width:3981.940200000012
22:08:33.810 ERROR main.runsample - position= 505472.06059999997,485253.1241
22:08:33.810 ERROR main.runsample - **********
22:08:33.810 ERROR main.runsample - middle-Second: 0.034
22:08:33.810 ERROR main.runsample - Minutes: 0.031466667
22:08:33.811 ERROR main.runsample - Second: 1.888
22:08:33.811 ERROR main.runsample - cross-point 507463.0307 487244.0942
22:18:22.300 INFO  main.runsample2 -    
22:18:22.301 INFO  main.runsample2 - *********new query now*********
22:18:22.301 INFO  main.runsample2 - 1 2000 2000 480000 480000 4000 4000 0.00001 0.000001 4000 4000
10:31:05.477 INFO  main.runsample -    