23:59:26.627 INFO  main.runsample2 -    
23:59:26.629 INFO  main.runsample2 - *********new query now*********
23:59:26.629 INFO  main.runsample2 - 1 2000 2000 485000 485000 4000 4000 0.00001 0.000001 4000 4000
23:59:55.189 ERROR main.runsample2 - **********
23:59:55.189 ERROR main.runsample2 - I=168.620195077345
23:59:55.190 ERROR main.runsample2 - range= length:4000.0width:4000.0
23:59:55.190 ERROR main.runsample2 - position= 502318.5462,518802.156
23:59:55.190 ERROR main.runsample2 - **********
23:59:55.190 ERROR main.runsample2 - middle-Second: 0.093
23:59:55.190 ERROR main.runsample2 - Minutes: 0.47599998
23:59:55.190 ERROR main.runsample2 - Second: 28.56
23:59:55.190 ERROR main.runsample2 - cross-point 504318.5462 520802.156
00:00:27.683 INFO  main.runsample2 -    
00:00:27.684 INFO  main.runsample2 - *********new query now*********
00:00:27.684 INFO  main.runsample2 - 1 2000 2000 485000 485000 4000 4000 0.00001 0.000001 4000 4000
00:00:57.011 ERROR main.runsample2 - **********
00:00:57.011 ERROR main.runsample2 - I=168.620195077345
00:00:57.012 ERROR main.runsample2 - range= length:4000.0width:4000.0
00:00:57.012 ERROR main.runsample2 - position= 502318.5462,518802.156
00:00:57.012 ERROR main.runsample2 - **********
00:00:57.012 ERROR main.runsample2 - middle-Second: 0.098
00:00:57.012 ERROR main.runsample2 - Minutes: 0.48878333
00:00:57.012 ERROR main.runsample2 - Second: 29.327
00:00:57.012 ERROR main.runsample2 - cross-point 504318.5462 520802.156
00:02:39.988 INFO  main.runsample2 -    
00:02:39.989 INFO  main.runsample2 - *********new query now*********
00:02:39.989 INFO  main.runsample2 - 1 2000 2000 485000 485000 4000 4000 0.00001 0.000001 4000 4000
00:03:09.028 ERROR main.runsample2 - **********
00:03:09.028 ERROR main.runsample2 - I=168.620195077345
00:03:09.028 ERROR main.runsample2 - range= length:4000.0width:4000.0
00:03:09.028 ERROR main.runsample2 - position= 502318.5462,518802.156
00:03:09.029 ERROR main.runsample2 - **********
00:03:09.029 ERROR main.runsample2 - middle-Second: 0.097
00:03:09.029 ERROR main.runsample2 - Minutes: 0.48398334
00:03:09.029 ERROR main.runsample2 - Second: 29.039
00:03:09.029 ERROR main.runsample2 - cross-point 504318.5462 520802.156
00:03:30.788 INFO  main.runsample2 -    
00:03:30.790 INFO  main.runsample2 - *********new query now*********
00:03:30.790 INFO  main.runsample2 - 1 2000 2000 485000 485000 4000 4000 0.00001 0.000001 4000 4000
00:03:48.514 ERROR main.runsample2 - **********
00:03:48.514 ERROR main.runsample2 - I=128.64130898137174
00:03:48.514 ERROR main.runsample2 - range= length:4000.0width:4000.0
00:03:48.514 ERROR main.runsample2 - position= 476430.6422,519830.426
00:03:48.514 ERROR main.runsample2 - **********
00:03:48.515 ERROR main.runsample2 - middle-Second: 0.092
00:03:48.515 ERROR main.runsample2 - Minutes: 0.29540002
00:03:48.515 ERROR main.runsample2 - Second: 17.724
00:03:48.515 ERROR main.runsample2 - cross-point 478430.6422 521830.426
00:04:18.026 INFO  main.runsample2 -    
00:04:18.028 INFO  main.runsample2 - *********new query now*********
00:04:18.028 INFO  main.runsample2 - 1 2000 2000 485000 485000 4000 4000 0.00001 0.000001 4000 4000
00:04:35.893 ERROR main.runsample2 - **********
00:04:35.893 ERROR main.runsample2 - I=128.64130898137174
00:04:35.893 ERROR main.runsample2 - range= length:4000.0width:4000.0
00:04:35.893 ERROR main.runsample2 - position= 476430.6422,519830.426
00:04:35.894 ERROR main.runsample2 - **********
00:04:35.894 ERROR main.runsample2 - middle-Second: 0.094
00:04:35.894 ERROR main.runsample2 - Minutes: 0.29775
00:04:35.894 ERROR main.runsample2 - Second: 17.865
00:04:35.894 ERROR main.runsample2 - cross-point 478430.6422 521830.426
00:04:52.058 INFO  main.runsample2 -    
00:04:52.060 INFO  main.runsample2 - *********new query now*********
00:04:52.060 INFO  main.runsample2 - 1 2000 2000 485000 485000 4000 4000 0.00001 0.000001 4000 4000
00:05:01.988 ERROR main.runsample2 - **********
00:05:01.988 ERROR main.runsample2 - I=99.857924451946
00:05:01.988 ERROR main.runsample2 - range= length:4000.0width:4000.0
00:05:01.988 ERROR main.runsample2 - position= 474351.7532,494405.8202
00:05:01.988 ERROR main.runsample2 - **********
00:05:01.988 ERROR main.runsample2 - middle-Second: 0.103
00:05:01.989 ERROR main.runsample2 - Minutes: 0.16545
00:05:01.989 ERROR main.runsample2 - Second: 9.927
00:05:01.989 ERROR main.runsample2 - cross-point 476351.7532 496405.8202
00:05:07.781 INFO  main.runsample2 -    
00:05:07.782 INFO  main.runsample2 - *********new query now*********
00:05:07.783 INFO  main.runsample2 - 1 2000 2000 485000 485000 4000 4000 0.00001 0.000001 4000 4000
00:05:17.655 ERROR main.runsample2 - **********
00:05:17.655 ERROR main.runsample2 - I=99.857924451946
00:05:17.655 ERROR main.runsample2 - range= length:4000.0width:4000.0
00:05:17.655 ERROR main.runsample2 - position= 474351.7532,494405.8202
00:05:17.655 ERROR main.runsample2 - **********
00:05:17.655 ERROR main.runsample2 - middle-Second: 0.094
00:05:17.656 ERROR main.runsample2 - Minutes: 0.16451667
00:05:17.656 ERROR main.runsample2 - Second: 9.871
00:05:17.656 ERROR main.runsample2 - cross-point 476351.7532 496405.8202
00:05:26.262 INFO  main.runsample2 -    
00:05:26.264 INFO  main.runsample2 - *********new query now*********
00:05:26.264 INFO  main.runsample2 - 1 2000 2000 485000 485000 4000 4000 0.00001 0.000001 4000 4000
00:05:30.753 ERROR main.runsample2 - **********
00:05:30.754 ERROR main.runsample2 - I=66.79772362022861
00:05:30.754 ERROR main.runsample2 - range= length:4000.0width:4000.0
00:05:30.754 ERROR main.runsample2 - position= 474737.7589,502431.1143
00:05:30.754 ERROR main.runsample2 - **********
00:05:30.754 ERROR main.runsample2 - middle-Second: 0.088
00:05:30.754 ERROR main.runsample2 - Minutes: 0.07481667
00:05:30.754 ERROR main.runsample2 - Second: 4.489
00:05:30.754 ERROR main.runsample2 - cross-point 476737.7589 504431.1143
00:05:37.806 INFO  main.runsample2 -    
00:05:37.807 INFO  main.runsample2 - *********new query now*********
00:05:37.807 INFO  main.runsample2 - 1 2000 2000 485000 485000 4000 4000 0.00001 0.000001 4000 4000
00:05:42.423 ERROR main.runsample2 - **********
00:05:42.423 ERROR main.runsample2 - I=66.79772362022861
00:05:42.423 ERROR main.runsample2 - range= length:4000.0width:4000.0
00:05:42.423 ERROR main.runsample2 - position= 474737.7589,502431.1143
00:05:42.423 ERROR main.runsample2 - **********
00:05:42.423 ERROR main.runsample2 - middle-Second: 0.112
00:05:42.423 ERROR main.runsample2 - Minutes: 0.0769
00:05:42.424 ERROR main.runsample2 - Second: 4.614
00:05:42.424 ERROR main.runsample2 - cross-point 476737.7589 504431.1143
00:05:59.662 INFO  main.runsample2 -    
00:05:59.663 INFO  main.runsample2 - *********new query now*********
00:05:59.663 INFO  main.runsample2 - 1 2000 2000 485000 485000 4000 4000 0.00001 0.000001 4000 4000
00:06:01.576 ERROR main.runsample2 - **********
00:06:01.577 ERROR main.runsample2 - I=34.79535513507356
00:06:01.577 ERROR main.runsample2 - range= length:4000.0width:4000.0
00:06:01.577 ERROR main.runsample2 - position= 505463.0307,485244.0942
00:06:01.577 ERROR main.runsample2 - **********
00:06:01.577 ERROR main.runsample2 - middle-Second: 0.092
00:06:01.577 ERROR main.runsample2 - Minutes: 0.031883333
00:06:01.577 ERROR main.runsample2 - Second: 1.913
00:06:01.578 ERROR main.runsample2 - cross-point 507463.0307 487244.0942
00:06:10.005 INFO  main.runsample2 -    
00:06:10.006 INFO  main.runsample2 - *********new query now*********
00:06:10.006 INFO  main.runsample2 - 1 2000 2000 485000 485000 4000 4000 0.00001 0.000001 4000 4000
00:06:11.900 ERROR main.runsample2 - **********
00:06:11.900 ERROR main.runsample2 - I=34.79535513507356
00:06:11.900 ERROR main.runsample2 - range= length:4000.0width:4000.0
00:06:11.900 ERROR main.runsample2 - position= 505463.0307,485244.0942
00:06:11.900 ERROR main.runsample2 - **********
00:06:11.900 ERROR main.runsample2 - middle-Second: 0.105
00:06:11.901 ERROR main.runsample2 - Minutes: 0.03155
00:06:11.901 ERROR main.runsample2 - Second: 1.893
00:06:11.901 ERROR main.runsample2 - cross-point 507463.0307 487244.0942
00:06:16.697 INFO  main.runsample2 -    
00:06:16.698 INFO  main.runsample2 - *********new query now*********
00:06:16.699 INFO  main.runsample2 - 1 2000 2000 485000 485000 4000 4000 0.00001 0.000001 4000 4000
00:06:18.627 ERROR main.runsample2 - **********
00:06:18.627 ERROR main.runsample2 - I=34.79535513507356
00:06:18.628 ERROR main.runsample2 - range= length:4000.0width:4000.0
00:06:18.628 ERROR main.runsample2 - position= 505463.0307,485244.0942
00:06:18.628 ERROR main.runsample2 - **********
00:06:18.628 ERROR main.runsample2 - middle-Second: 0.085
00:06:18.628 ERROR main.runsample2 - Minutes: 0.032133333
00:06:18.628 ERROR main.runsample2 - Second: 1.928
00:06:18.628 ERROR main.runsample2 - cross-point 507463.0307 487244.0942
