14:41:24.847 INFO  main.runsample -    
14:41:24.847 INFO  main.runsample - data0/Gaussian_50w.txt
14:41:24.847 INFO  main.runsample - *********new query now*********
14:41:24.847 INFO  main.runsample - 1 2000 2000 480000 480000 4000 4000 0.00001 0.000001 4000 4000
14:42:35.047 ERROR main.runsample - **********
14:42:35.047 ERROR main.runsample - I=162.59811807622486
14:42:35.047 ERROR main.runsample - range= length:3994.8445000000065width:3994.8445000000065
14:42:35.047 ERROR main.runsample - position= 501263.11495,518874.80205
14:42:35.047 ERROR main.runsample - **********
14:42:35.047 ERROR main.runsample - middle-Second: 0.031
14:42:35.047 ERROR main.runsample - Minutes: 1.17
14:42:35.047 ERROR main.runsample - Second: 70.2
14:42:35.047 ERROR main.runsample - cross-point 503260.5372 520872.2243
14:43:06.622 INFO  main.runsample -    
14:43:06.622 INFO  main.runsample - data0/Gaussian_40w.txt
14:43:06.622 INFO  main.runsample - *********new query now*********
14:43:06.622 INFO  main.runsample - 1 2000 2000 480000 480000 4000 4000 0.00001 0.000001 4000 4000
14:43:44.635 ERROR main.runsample - **********
14:43:44.635 ERROR main.runsample - I=129.63303675653435
14:43:44.635 ERROR main.runsample - range= length:3995.842799999984width:3995.842799999984
14:43:44.635 ERROR main.runsample - position= 476856.5682,519896.7134
14:43:44.635 ERROR main.runsample - **********
14:43:44.635 ERROR main.runsample - middle-Second: 0.032
14:43:44.635 ERROR main.runsample - Minutes: 0.63355
14:43:44.635 ERROR main.runsample - Second: 38.013
14:43:44.635 ERROR main.runsample - cross-point 474858.6468 521894.6348
14:44:31.627 INFO  main.runsample -    
14:44:31.627 INFO  main.runsample - data0/Gaussian_30w.txt
14:44:31.627 INFO  main.runsample - *********new query now*********
14:44:31.627 INFO  main.runsample - 1 2000 2000 480000 480000 4000 4000 0.00001 0.000001 4000 4000
14:44:50.145 ERROR main.runsample - **********
14:44:50.145 ERROR main.runsample - I=97.1541471181439
14:44:50.145 ERROR main.runsample - range= length:3961.634400000039width:3961.634400000039
14:44:50.145 ERROR main.runsample - position= 474276.2014,494006.15819999995
14:44:50.145 ERROR main.runsample - **********
14:44:50.145 ERROR main.runsample - middle-Second: 0.031
14:44:50.145 ERROR main.runsample - Minutes: 0.3083667
14:44:50.145 ERROR main.runsample - Second: 18.502
14:44:50.145 ERROR main.runsample - cross-point 472295.3842 495986.9754
14:45:12.313 INFO  main.runsample -    
14:45:12.313 INFO  main.runsample - data0/Gaussian_20w.txt
14:45:12.313 INFO  main.runsample - *********new query now*********
14:45:12.313 INFO  main.runsample - 1 2000 2000 480000 480000 4000 4000 0.00001 0.000001 4000 4000
14:45:19.224 ERROR main.runsample - **********
14:45:19.224 ERROR main.runsample - I=66.74595550823125
14:45:19.224 ERROR main.runsample - range= length:3980.4039999999804width:3980.4039999999804
14:45:19.224 ERROR main.runsample - position= 495514.5846,517997.5408
14:45:19.224 ERROR main.runsample - **********
14:45:19.224 ERROR main.runsample - middle-Second: 0.031
14:45:19.224 ERROR main.runsample - Minutes: 0.11518333
14:45:19.224 ERROR main.runsample - Second: 6.911
14:45:19.224 ERROR main.runsample - cross-point 497504.7866 519987.7428
14:45:36.229 INFO  main.runsample -    
14:45:36.245 INFO  main.runsample - data0/Gaussian_10w.txt
14:45:36.245 INFO  main.runsample - *********new query now*********
14:45:36.245 INFO  main.runsample - 1 2000 2000 480000 480000 4000 4000 0.00001 0.000001 4000 4000
14:45:38.366 ERROR main.runsample - **********
14:45:38.366 ERROR main.runsample - I=34.88407125930935
14:45:38.366 ERROR main.runsample - range= length:3981.940200000012width:3981.940200000012
14:45:38.366 ERROR main.runsample - position= 505472.06059999997,485253.1241
14:45:38.366 ERROR main.runsample - **********
14:45:38.366 ERROR main.runsample - middle-Second: 0.031
14:45:38.366 ERROR main.runsample - Minutes: 0.035350002
14:45:38.366 ERROR main.runsample - Second: 2.121
14:45:38.366 ERROR main.runsample - cross-point 507463.0307 487244.0942
14:46:09.895 INFO  main.runsample -    
14:46:09.895 INFO  main.runsample - data0/Gaussian_50w.txt
14:46:09.895 INFO  main.runsample - *********new query now*********
14:46:09.895 INFO  main.runsample - 1 2000 2000 480000 480000 4000 4000 0.00001 0.000001 4000 4000
14:46:37.680 ERROR main.runsample - **********
14:46:37.680 ERROR main.runsample - I=162.59811807622486
14:46:37.680 ERROR main.runsample - range= length:3994.8445000000065width:3994.8445000000065
14:46:37.680 ERROR main.runsample - position= 501263.11495,518874.80205
14:46:37.680 ERROR main.runsample - **********
14:46:37.680 ERROR main.runsample - middle-Second: 0.031
14:46:37.680 ERROR main.runsample - Minutes: 0.46281666
14:46:37.680 ERROR main.runsample - Second: 27.769
14:46:37.680 ERROR main.runsample - cross-point 503260.5372 520872.2243
14:47:30.082 INFO  main.runsample -    
14:47:30.082 INFO  main.runsample - data0/Gaussian_40w.txt
14:47:30.082 INFO  main.runsample - *********new query now*********
14:47:30.082 INFO  main.runsample - 1 2000 2000 480000 480000 4000 4000 0.00001 0.000001 4000 4000
14:47:47.367 ERROR main.runsample - **********
14:47:47.367 ERROR main.runsample - I=129.63303675653435
14:47:47.367 ERROR main.runsample - range= length:3995.842799999984width:3995.842799999984
14:47:47.367 ERROR main.runsample - position= 476856.5682,519896.7134
14:47:47.367 ERROR main.runsample - **********
14:47:47.367 ERROR main.runsample - middle-Second: 0.031
14:47:47.367 ERROR main.runsample - Minutes: 0.28808334
14:47:47.367 ERROR main.runsample - Second: 17.285
14:47:47.367 ERROR main.runsample - cross-point 474858.6468 521894.6348
14:49:11.686 INFO  main.runsample -    
14:49:11.686 INFO  main.runsample - data0/Gaussian_30w.txt
14:49:11.686 INFO  main.runsample - *********new query now*********
14:49:11.686 INFO  main.runsample - 1 2000 2000 480000 480000 4000 4000 0.00001 0.000001 4000 4000
14:49:21.030 ERROR main.runsample - **********
14:49:21.030 ERROR main.runsample - I=97.1541471181439
14:49:21.030 ERROR main.runsample - range= length:3961.634400000039width:3961.634400000039
14:49:21.030 ERROR main.runsample - position= 474276.2014,494006.15819999995
14:49:21.030 ERROR main.runsample - **********
14:49:21.030 ERROR main.runsample - middle-Second: 0.047
14:49:21.030 ERROR main.runsample - Minutes: 0.15573333
14:49:21.030 ERROR main.runsample - Second: 9.344
14:49:21.030 ERROR main.runsample - cross-point 472295.3842 495986.9754
14:49:34.494 INFO  main.runsample -    
14:49:34.494 INFO  main.runsample - data0/Gaussian_20w.txt
14:49:34.494 INFO  main.runsample - *********new query now*********
14:49:34.494 INFO  main.runsample - 1 2000 2000 480000 480000 4000 4000 0.00001 0.000001 4000 4000
14:49:38.878 ERROR main.runsample - **********
14:49:38.878 ERROR main.runsample - I=66.74595550823125
14:49:38.878 ERROR main.runsample - range= length:3980.4039999999804width:3980.4039999999804
14:49:38.878 ERROR main.runsample - position= 495514.5846,517997.5408
14:49:38.878 ERROR main.runsample - **********
14:49:38.878 ERROR main.runsample - middle-Second: 0.031
14:49:38.878 ERROR main.runsample - Minutes: 0.07306667
14:49:38.878 ERROR main.runsample - Second: 4.384
14:49:38.878 ERROR main.runsample - cross-point 497504.7866 519987.7428
14:49:54.058 INFO  main.runsample -    
14:49:54.058 INFO  main.runsample - data0/Gaussian_10w.txt
14:49:54.058 INFO  main.runsample - *********new query now*********
14:49:54.058 INFO  main.runsample - 1 2000 2000 480000 480000 4000 4000 0.00001 0.000001 4000 4000
14:49:55.836 ERROR main.runsample - **********
14:49:55.836 ERROR main.runsample - I=34.88407125930935
14:49:55.836 ERROR main.runsample - range= length:3981.940200000012width:3981.940200000012
14:49:55.836 ERROR main.runsample - position= 505472.06059999997,485253.1241
14:49:55.836 ERROR main.runsample - **********
14:49:55.836 ERROR main.runsample - middle-Second: 0.031
14:49:55.836 ERROR main.runsample - Minutes: 0.029633334
14:49:55.836 ERROR main.runsample - Second: 1.778
14:49:55.836 ERROR main.runsample - cross-point 507463.0307 487244.0942
