14:45:00.327 INFO  main.runsample -    
14:45:00.328 INFO  main.runsample - data0/uniform_50w.txt
14:45:00.328 INFO  main.runsample - *********new query now*********
14:45:00.328 INFO  main.runsample - 1 2000 2000 485000 485000 4000 4000 0.00001 0.000001 4000 4000
14:45:05.495 ERROR main.runsample - **********
14:45:05.495 ERROR main.runsample - I=14.251455363844752
14:45:05.495 ERROR main.runsample - range= length:3259.3610000000335width:3259.3610000000335
14:45:05.495 ERROR main.runsample - position= 501587.0944,596281.6465
14:45:05.495 ERROR main.runsample - **********
14:45:05.495 ERROR main.runsample - middle-Second: 0.047
14:45:05.496 ERROR main.runsample - Minutes: 0.0861
14:45:05.496 ERROR main.runsample - Second: 5.166
14:45:05.496 ERROR main.runsample - cross-point 503216.7749 597911.327
14:53:55.379 INFO  main.runsample -    
14:53:55.381 INFO  main.runsample - data0/uniform_50w.txt
14:53:55.381 INFO  main.runsample - *********new query now*********
14:53:55.381 INFO  main.runsample - 1 2000 2000 485000 485000 4000 4000 0.00001 0.000001 4000 4000
14:54:00.260 ERROR main.runsample - **********
14:54:00.260 ERROR main.runsample - I=14.251455363844752
14:54:00.260 ERROR main.runsample - range= length:3259.3610000000335width:3259.3610000000335
14:54:00.261 ERROR main.runsample - position= 501587.0944,596281.6465
14:54:00.261 ERROR main.runsample - **********
14:54:00.261 ERROR main.runsample - middle-Second: 0.034
14:54:00.261 ERROR main.runsample - Minutes: 0.08131667
14:54:00.261 ERROR main.runsample - Second: 4.879
14:54:00.261 ERROR main.runsample - cross-point 503216.7749 597911.327
14:54:05.605 INFO  main.runsample -    
14:54:05.606 INFO  main.runsample - data0/uniform_50w.txt
14:54:05.607 INFO  main.runsample - *********new query now*********
14:54:05.607 INFO  main.runsample - 1 2000 2000 485000 485000 4000 4000 0.00001 0.000001 4000 4000
14:54:10.508 ERROR main.runsample - **********
14:54:10.508 ERROR main.runsample - I=14.251455363844752
14:54:10.508 ERROR main.runsample - range= length:3259.3610000000335width:3259.3610000000335
14:54:10.508 ERROR main.runsample - position= 501587.0944,596281.6465
14:54:10.509 ERROR main.runsample - **********
14:54:10.509 ERROR main.runsample - middle-Second: 0.038
14:54:10.509 ERROR main.runsample - Minutes: 0.08168333
14:54:10.509 ERROR main.runsample - Second: 4.901
14:54:10.509 ERROR main.runsample - cross-point 503216.7749 597911.327
14:54:29.749 INFO  main.runsample -    
14:54:29.750 INFO  main.runsample - data0/uniform_50w.txt
14:54:29.750 INFO  main.runsample - *********new query now*********
14:54:29.750 INFO  main.runsample - 1 2000 2000 485000 485000 4000 4000 0.00001 0.000001 4000 4000
14:54:34.787 ERROR main.runsample - **********
14:54:34.787 ERROR main.runsample - I=14.251455363844752
14:54:34.787 ERROR main.runsample - range= length:3259.3610000000335width:3259.3610000000335
14:54:34.787 ERROR main.runsample - position= 501587.0944,596281.6465
14:54:34.787 ERROR main.runsample - **********
14:54:34.788 ERROR main.runsample - middle-Second: 0.033
14:54:34.788 ERROR main.runsample - Minutes: 0.083950005
14:54:34.788 ERROR main.runsample - Second: 5.037
14:54:34.788 ERROR main.runsample - cross-point 503216.7749 597911.327
14:54:48.526 INFO  main.runsample -    
14:54:48.527 INFO  main.runsample - data0/uniform_40w.txt
14:54:48.527 INFO  main.runsample - *********new query now*********
14:54:48.527 INFO  main.runsample - 1 2000 2000 485000 485000 4000 4000 0.00001 0.000001 4000 4000
14:54:52.707 ERROR main.runsample - **********
14:54:52.708 ERROR main.runsample - I=10.20155239504603
14:54:52.708 ERROR main.runsample - range= length:2562.150399999984width:2562.150399999984
14:54:52.708 ERROR main.runsample - position= 883391.5549,341690.6074
14:54:52.708 ERROR main.runsample - **********
14:54:52.708 ERROR main.runsample - middle-Second: 0.033
14:54:52.709 ERROR main.runsample - Minutes: 0.06965
14:54:52.709 ERROR main.runsample - Second: 4.179
14:54:52.709 ERROR main.runsample - cross-point 884672.6301 342971.6826
14:55:27.410 INFO  main.runsample -    
14:55:27.412 INFO  main.runsample - data0/uniform_40w.txt
14:55:27.412 INFO  main.runsample - *********new query now*********
14:55:27.412 INFO  main.runsample - 1 2000 2000 485000 485000 4000 4000 0.00001 0.000001 4000 4000
14:55:31.426 ERROR main.runsample - **********
14:55:31.426 ERROR main.runsample - I=10.20155239504603
14:55:31.426 ERROR main.runsample - range= length:2562.150399999984width:2562.150399999984
14:55:31.427 ERROR main.runsample - position= 883391.5549,341690.6074
14:55:31.427 ERROR main.runsample - **********
14:55:31.427 ERROR main.runsample - middle-Second: 0.032
14:55:31.427 ERROR main.runsample - Minutes: 0.0669
14:55:31.427 ERROR main.runsample - Second: 4.014
14:55:31.427 ERROR main.runsample - cross-point 884672.6301 342971.6826
14:55:43.452 INFO  main.runsample -    
14:55:43.453 INFO  main.runsample - data0/uniform_40w.txt
14:55:43.454 INFO  main.runsample - *********new query now*********
14:55:43.454 INFO  main.runsample - 1 2000 2000 485000 485000 4000 4000 0.00001 0.000001 4000 4000
14:55:47.469 ERROR main.runsample - **********
14:55:47.469 ERROR main.runsample - I=10.20155239504603
14:55:47.469 ERROR main.runsample - range= length:2562.150399999984width:2562.150399999984
14:55:47.470 ERROR main.runsample - position= 883391.5549,341690.6074
14:55:47.470 ERROR main.runsample - **********
14:55:47.470 ERROR main.runsample - middle-Second: 0.031
14:55:47.470 ERROR main.runsample - Minutes: 0.06691667
14:55:47.470 ERROR main.runsample - Second: 4.015
14:55:47.470 ERROR main.runsample - cross-point 884672.6301 342971.6826
14:56:22.921 INFO  main.runsample -    
14:56:22.922 INFO  main.runsample - data0/uniform_30w.txt
14:56:22.922 INFO  main.runsample - *********new query now*********
14:56:22.923 INFO  main.runsample - 1 2000 2000 485000 485000 4000 4000 0.00001 0.000001 4000 4000
14:56:26.020 ERROR main.runsample - **********
14:56:26.021 ERROR main.runsample - I=9.289780842877454
14:56:26.021 ERROR main.runsample - range= length:2100.4513999999617width:2100.4513999999617
14:56:26.021 ERROR main.runsample - position= 495587.0595,457109.4867
14:56:26.021 ERROR main.runsample - **********
14:56:26.021 ERROR main.runsample - middle-Second: 0.032
14:56:26.021 ERROR main.runsample - Minutes: 0.051616665
14:56:26.022 ERROR main.runsample - Second: 3.097
14:56:26.022 ERROR main.runsample - cross-point 496637.2852 458159.7124
14:56:36.396 INFO  main.runsample -    
14:56:36.397 INFO  main.runsample - data0/uniform_30w.txt
14:56:36.397 INFO  main.runsample - *********new query now*********
14:56:36.398 INFO  main.runsample - 1 2000 2000 485000 485000 4000 4000 0.00001 0.000001 4000 4000
14:56:39.402 ERROR main.runsample - **********
14:56:39.403 ERROR main.runsample - I=9.289780842877454
14:56:39.403 ERROR main.runsample - range= length:2100.4513999999617width:2100.4513999999617
14:56:39.403 ERROR main.runsample - position= 495587.0595,457109.4867
14:56:39.403 ERROR main.runsample - **********
14:56:39.403 ERROR main.runsample - middle-Second: 0.031
14:56:39.404 ERROR main.runsample - Minutes: 0.050066665
14:56:39.404 ERROR main.runsample - Second: 3.004
14:56:39.404 ERROR main.runsample - cross-point 496637.2852 458159.7124
14:56:44.529 INFO  main.runsample -    
14:56:44.530 INFO  main.runsample - data0/uniform_30w.txt
14:56:44.531 INFO  main.runsample - *********new query now*********
14:56:44.531 INFO  main.runsample - 1 2000 2000 485000 485000 4000 4000 0.00001 0.000001 4000 4000
14:56:47.685 ERROR main.runsample - **********
14:56:47.685 ERROR main.runsample - I=9.289780842877454
14:56:47.685 ERROR main.runsample - range= length:2100.4513999999617width:2100.4513999999617
14:56:47.685 ERROR main.runsample - position= 495587.0595,457109.4867
14:56:47.686 ERROR main.runsample - **********
14:56:47.686 ERROR main.runsample - middle-Second: 0.033
14:56:47.686 ERROR main.runsample - Minutes: 0.052550003
14:56:47.686 ERROR main.runsample - Second: 3.153
14:56:47.686 ERROR main.runsample - cross-point 496637.2852 458159.7124
14:57:07.514 INFO  main.runsample -    
14:57:07.515 INFO  main.runsample - data0/uniform_20w.txt
14:57:07.515 INFO  main.runsample - *********new query now*********
14:57:07.515 INFO  main.runsample - 1 2000 2000 485000 485000 4000 4000 0.00001 0.000001 4000 4000
14:57:09.270 ERROR main.runsample - **********
14:57:09.270 ERROR main.runsample - I=6.067070849804258
14:57:09.270 ERROR main.runsample - range= length:2142.3655999999028width:2142.3655999999028
14:57:09.270 ERROR main.runsample - position= 698628.853,581273.1462000001
14:57:09.271 ERROR main.runsample - **********
14:57:09.271 ERROR main.runsample - middle-Second: 0.032
14:57:09.271 ERROR main.runsample - Minutes: 0.029233333
14:57:09.271 ERROR main.runsample - Second: 1.754
14:57:09.271 ERROR main.runsample - cross-point 699700.0358 582344.329
14:57:21.946 INFO  main.runsample -    
14:57:21.947 INFO  main.runsample - data0/uniform_20w.txt
14:57:21.948 INFO  main.runsample - *********new query now*********
14:57:21.948 INFO  main.runsample - 1 2000 2000 485000 485000 4000 4000 0.00001 0.000001 4000 4000
14:57:23.752 ERROR main.runsample - **********
14:57:23.752 ERROR main.runsample - I=6.067070849804258
14:57:23.753 ERROR main.runsample - range= length:2142.3655999999028width:2142.3655999999028
14:57:23.753 ERROR main.runsample - position= 698628.853,581273.1462000001
14:57:23.753 ERROR main.runsample - **********
14:57:23.753 ERROR main.runsample - middle-Second: 0.031
14:57:23.753 ERROR main.runsample - Minutes: 0.030066667
14:57:23.753 ERROR main.runsample - Second: 1.804
14:57:23.753 ERROR main.runsample - cross-point 699700.0358 582344.329
14:57:35.054 INFO  main.runsample -    
14:57:35.056 INFO  main.runsample - data0/uniform_10w.txt
14:57:35.056 INFO  main.runsample - *********new query now*********
14:57:35.056 INFO  main.runsample - 1 2000 2000 485000 485000 4000 4000 0.00001 0.000001 4000 4000
14:57:36.020 ERROR main.runsample - **********
14:57:36.020 ERROR main.runsample - I=4.200353298638714
14:57:36.021 ERROR main.runsample - range= length:2132.6935999999987width:2132.6935999999987
14:57:36.021 ERROR main.runsample - position= 478217.798,609942.5286999999
14:57:36.021 ERROR main.runsample - **********
14:57:36.021 ERROR main.runsample - middle-Second: 0.032
14:57:36.021 ERROR main.runsample - Minutes: 0.016066667
14:57:36.021 ERROR main.runsample - Second: 0.964
14:57:36.021 ERROR main.runsample - cross-point 479284.1448 611008.8755
14:57:49.531 INFO  main.runsample -    
14:57:49.532 INFO  main.runsample - data0/uniform_10w.txt
14:57:49.532 INFO  main.runsample - *********new query now*********
14:57:49.532 INFO  main.runsample - 1 2000 2000 485000 485000 4000 4000 0.00001 0.000001 4000 4000
14:57:50.461 ERROR main.runsample - **********
14:57:50.462 ERROR main.runsample - I=4.200353298638714
14:57:50.462 ERROR main.runsample - range= length:2132.6935999999987width:2132.6935999999987
14:57:50.462 ERROR main.runsample - position= 478217.798,609942.5286999999
14:57:50.462 ERROR main.runsample - **********
14:57:50.463 ERROR main.runsample - middle-Second: 0.032
14:57:50.463 ERROR main.runsample - Minutes: 0.015483334
14:57:50.463 ERROR main.runsample - Second: 0.929
14:57:50.463 ERROR main.runsample - cross-point 479284.1448 611008.8755
14:58:31.020 INFO  main.runsample2 -    
14:58:31.021 INFO  main.runsample2 - *********new query now*********
14:58:31.021 INFO  main.runsample2 - 1 2000 2000 485000 485000 4000 4000 0.00001 0.000001 4000 4000
14:58:36.557 ERROR main.runsample2 - **********
14:58:36.558 ERROR main.runsample2 - I=14.251455363844752
14:58:36.558 ERROR main.runsample2 - range= length:3259.3610000000335width:3259.3610000000335
14:58:36.558 ERROR main.runsample2 - position= 501587.0944,596281.6465
14:58:36.558 ERROR main.runsample2 - **********
14:58:36.558 ERROR main.runsample2 - middle-Second: 0.089
14:58:36.558 ERROR main.runsample2 - Minutes: 0.092266664
14:58:36.558 ERROR main.runsample2 - Second: 5.536
14:58:36.558 ERROR main.runsample2 - cross-point 503216.7749 597911.327
14:58:43.553 INFO  main.runsample2 -    
14:58:43.555 INFO  main.runsample2 - *********new query now*********
14:58:43.555 INFO  main.runsample2 - 1 2000 2000 485000 485000 4000 4000 0.00001 0.000001 4000 4000
14:58:49.161 ERROR main.runsample2 - **********
14:58:49.161 ERROR main.runsample2 - I=14.251455363844752
14:58:49.161 ERROR main.runsample2 - range= length:3259.3610000000335width:3259.3610000000335
14:58:49.162 ERROR main.runsample2 - position= 501587.0944,596281.6465
14:58:49.162 ERROR main.runsample2 - **********
14:58:49.162 ERROR main.runsample2 - middle-Second: 0.089
14:58:49.162 ERROR main.runsample2 - Minutes: 0.093433335
14:58:49.162 ERROR main.runsample2 - Second: 5.606
14:58:49.162 ERROR main.runsample2 - cross-point 503216.7749 597911.327
14:58:55.773 INFO  main.runsample2 -    
14:58:55.774 INFO  main.runsample2 - *********new query now*********
14:58:55.774 INFO  main.runsample2 - 1 2000 2000 485000 485000 4000 4000 0.00001 0.000001 4000 4000
14:59:01.298 ERROR main.runsample2 - **********
14:59:01.298 ERROR main.runsample2 - I=14.251455363844752
14:59:01.298 ERROR main.runsample2 - range= length:3259.3610000000335width:3259.3610000000335
14:59:01.298 ERROR main.runsample2 - position= 501587.0944,596281.6465
14:59:01.298 ERROR main.runsample2 - **********
14:59:01.298 ERROR main.runsample2 - middle-Second: 0.088
14:59:01.299 ERROR main.runsample2 - Minutes: 0.09204999
14:59:01.299 ERROR main.runsample2 - Second: 5.523
14:59:01.299 ERROR main.runsample2 - cross-point 503216.7749 597911.327
14:59:12.762 INFO  main.runsample2 -    
14:59:12.763 INFO  main.runsample2 - *********new query now*********
14:59:12.763 INFO  main.runsample2 - 1 2000 2000 485000 485000 4000 4000 0.00001 0.000001 4000 4000
14:59:17.698 ERROR main.runsample2 - **********
14:59:17.698 ERROR main.runsample2 - I=10.20155239504603
14:59:17.699 ERROR main.runsample2 - range= length:2562.150399999984width:2562.150399999984
14:59:17.699 ERROR main.runsample2 - position= 883391.5549,341690.6074
14:59:17.699 ERROR main.runsample2 - **********
14:59:17.699 ERROR main.runsample2 - middle-Second: 0.093
14:59:17.699 ERROR main.runsample2 - Minutes: 0.08225
14:59:17.699 ERROR main.runsample2 - Second: 4.935
14:59:17.699 ERROR main.runsample2 - cross-point 884672.6301 342971.6826
14:59:34.634 INFO  main.runsample2 -    
14:59:34.636 INFO  main.runsample2 - *********new query now*********
14:59:34.636 INFO  main.runsample2 - 1 2000 2000 485000 485000 4000 4000 0.00001 0.000001 4000 4000
14:59:39.511 ERROR main.runsample2 - **********
14:59:39.511 ERROR main.runsample2 - I=10.20155239504603
14:59:39.511 ERROR main.runsample2 - range= length:2562.150399999984width:2562.150399999984
14:59:39.512 ERROR main.runsample2 - position= 883391.5549,341690.6074
14:59:39.512 ERROR main.runsample2 - **********
14:59:39.512 ERROR main.runsample2 - middle-Second: 0.091
14:59:39.512 ERROR main.runsample2 - Minutes: 0.08125
14:59:39.512 ERROR main.runsample2 - Second: 4.875
14:59:39.513 ERROR main.runsample2 - cross-point 884672.6301 342971.6826
14:59:54.452 INFO  main.runsample2 -    
14:59:54.453 INFO  main.runsample2 - *********new query now*********
14:59:54.454 INFO  main.runsample2 - 1 2000 2000 485000 485000 4000 4000 0.00001 0.000001 4000 4000
14:59:57.773 ERROR main.runsample2 - **********
14:59:57.774 ERROR main.runsample2 - I=9.289780842877454
14:59:57.774 ERROR main.runsample2 - range= length:2100.4513999999617width:2100.4513999999617
14:59:57.774 ERROR main.runsample2 - position= 495587.0595,457109.4867
14:59:57.774 ERROR main.runsample2 - **********
14:59:57.774 ERROR main.runsample2 - middle-Second: 0.1
14:59:57.774 ERROR main.runsample2 - Minutes: 0.0553
14:59:57.775 ERROR main.runsample2 - Second: 3.318
14:59:57.775 ERROR main.runsample2 - cross-point 496637.2852 458159.7124
15:00:06.960 INFO  main.runsample2 -    
15:00:06.961 INFO  main.runsample2 - *********new query now*********
15:00:06.961 INFO  main.runsample2 - 1 2000 2000 485000 485000 4000 4000 0.00001 0.000001 4000 4000
15:00:10.176 ERROR main.runsample2 - **********
15:00:10.177 ERROR main.runsample2 - I=9.289780842877454
15:00:10.177 ERROR main.runsample2 - range= length:2100.4513999999617width:2100.4513999999617
15:00:10.177 ERROR main.runsample2 - position= 495587.0595,457109.4867
15:00:10.177 ERROR main.runsample2 - **********
15:00:10.177 ERROR main.runsample2 - middle-Second: 0.09
15:00:10.177 ERROR main.runsample2 - Minutes: 0.05358333
15:00:10.178 ERROR main.runsample2 - Second: 3.215
15:00:10.178 ERROR main.runsample2 - cross-point 496637.2852 458159.7124
15:00:17.437 INFO  main.runsample2 -    
15:00:17.438 INFO  main.runsample2 - *********new query now*********
15:00:17.438 INFO  main.runsample2 - 1 2000 2000 485000 485000 4000 4000 0.00001 0.000001 4000 4000
15:00:20.708 ERROR main.runsample2 - **********
15:00:20.708 ERROR main.runsample2 - I=9.289780842877454
15:00:20.708 ERROR main.runsample2 - range= length:2100.4513999999617width:2100.4513999999617
15:00:20.708 ERROR main.runsample2 - position= 495587.0595,457109.4867
15:00:20.709 ERROR main.runsample2 - **********
15:00:20.709 ERROR main.runsample2 - middle-Second: 0.097
15:00:20.709 ERROR main.runsample2 - Minutes: 0.0545
15:00:20.709 ERROR main.runsample2 - Second: 3.27
15:00:20.709 ERROR main.runsample2 - cross-point 496637.2852 458159.7124
15:03:45.200 INFO  main.runsample2 -    
15:03:45.201 INFO  main.runsample2 - *********new query now*********
15:03:45.201 INFO  main.runsample2 - 1 2000 2000 485000 485000 4000 4000 0.00001 0.000001 4000 4000
15:03:46.895 ERROR main.runsample2 - **********
15:03:46.896 ERROR main.runsample2 - I=6.067070849804258
15:03:46.896 ERROR main.runsample2 - range= length:2142.3655999999028width:2142.3655999999028
15:03:46.896 ERROR main.runsample2 - position= 698628.853,581273.1462000001
15:03:46.896 ERROR main.runsample2 - **********
15:03:46.896 ERROR main.runsample2 - middle-Second: 0.086
15:03:46.897 ERROR main.runsample2 - Minutes: 0.028233333
15:03:46.897 ERROR main.runsample2 - Second: 1.694
15:03:46.897 ERROR main.runsample2 - cross-point 699700.0358 582344.329
15:04:01.540 INFO  main.runsample2 -    
15:04:01.541 INFO  main.runsample2 - *********new query now*********
15:04:01.541 INFO  main.runsample2 - 1 2000 2000 485000 485000 4000 4000 0.00001 0.000001 4000 4000
15:04:03.332 ERROR main.runsample2 - **********
15:04:03.333 ERROR main.runsample2 - I=6.067070849804258
15:04:03.333 ERROR main.runsample2 - range= length:2142.3655999999028width:2142.3655999999028
15:04:03.333 ERROR main.runsample2 - position= 698628.853,581273.1462000001
15:04:03.333 ERROR main.runsample2 - **********
15:04:03.333 ERROR main.runsample2 - middle-Second: 0.098
15:04:03.334 ERROR main.runsample2 - Minutes: 0.02985
15:04:03.334 ERROR main.runsample2 - Second: 1.791
15:04:03.334 ERROR main.runsample2 - cross-point 699700.0358 582344.329
15:04:10.827 INFO  main.runsample2 -    
15:04:10.828 INFO  main.runsample2 - *********new query now*********
15:04:10.828 INFO  main.runsample2 - 1 2000 2000 485000 485000 4000 4000 0.00001 0.000001 4000 4000
15:04:12.584 ERROR main.runsample2 - **********
15:04:12.584 ERROR main.runsample2 - I=6.067070849804258
15:04:12.584 ERROR main.runsample2 - range= length:2142.3655999999028width:2142.3655999999028
15:04:12.584 ERROR main.runsample2 - position= 698628.853,581273.1462000001
15:04:12.584 ERROR main.runsample2 - **********
15:04:12.584 ERROR main.runsample2 - middle-Second: 0.092
15:04:12.585 ERROR main.runsample2 - Minutes: 0.029266667
15:04:12.585 ERROR main.runsample2 - Second: 1.756
15:04:12.585 ERROR main.runsample2 - cross-point 699700.0358 582344.329
15:04:33.988 INFO  main.runsample2 -    
15:04:33.990 INFO  main.runsample2 - *********new query now*********
15:04:33.990 INFO  main.runsample2 - 1 2000 2000 485000 485000 4000 4000 0.00001 0.000001 4000 4000
15:04:35.224 ERROR main.runsample2 - **********
15:04:35.225 ERROR main.runsample2 - I=4.200353298638714
15:04:35.225 ERROR main.runsample2 - range= length:2132.6935999999987width:2132.6935999999987
15:04:35.225 ERROR main.runsample2 - position= 478217.798,609942.5286999999
15:04:35.225 ERROR main.runsample2 - **********
15:04:35.225 ERROR main.runsample2 - middle-Second: 0.091
15:04:35.225 ERROR main.runsample2 - Minutes: 0.020566666
15:04:35.225 ERROR main.runsample2 - Second: 1.234
15:04:35.226 ERROR main.runsample2 - cross-point 479284.1448 611008.8755
15:04:43.390 INFO  main.runsample2 -    
15:04:43.392 INFO  main.runsample2 - *********new query now*********
15:04:43.392 INFO  main.runsample2 - 1 2000 2000 485000 485000 4000 4000 0.00001 0.000001 4000 4000
15:04:44.540 ERROR main.runsample2 - **********
15:04:44.540 ERROR main.runsample2 - I=4.200353298638714
15:04:44.540 ERROR main.runsample2 - range= length:2132.6935999999987width:2132.6935999999987
15:04:44.540 ERROR main.runsample2 - position= 478217.798,609942.5286999999
15:04:44.540 ERROR main.runsample2 - **********
15:04:44.541 ERROR main.runsample2 - middle-Second: 0.095
15:04:44.541 ERROR main.runsample2 - Minutes: 0.019133333
15:04:44.541 ERROR main.runsample2 - Second: 1.148
15:04:44.541 ERROR main.runsample2 - cross-point 479284.1448 611008.8755
